[mRemote Start]
[mRemote Exit]
[mRemote Start]
[mRemote Exit]
[mRemote Start]
2008-08-10 22:33:04,248 [9] ERROR- SetPropertyGridObject (UI.Window.Config) failed
Object reference not set to an instance of an object.
2008-08-10 22:33:07,629 [9] INFO - --- PuTTY Stuff ---
2008-08-10 22:33:07,631 [9] INFO - PuTTY Handle: 4654856
2008-08-10 22:33:07,635 [9] INFO - PuTTY Title: 192.168.0.1 - PuTTY
2008-08-10 22:33:07,638 [9] INFO - Panel Handle: 2099002
2008-08-10 22:33:07,709 [9] INFO - Protocol Event Connected
2008-08-10 22:33:07,711 [9] INFO - Connection to 192.168.0.1 via SSH2 established by user felix\fx (Description: My Home Router; User Field: test)
2008-08-10 22:42:30,952 [6] INFO - Protocol Event Closed
2008-08-10 22:42:30,952 [6] INFO - Connection to 192.168.0.1 via SSH2 closed by user felix\fx (Description: My Home Router; User Field: test)
[mRemote Exit]
[mRemote Start]
2008-08-10 22:54:55,915 [9] WARN - Couldn't get Putty sessions
Object reference not set to an instance of an object.
2008-08-10 22:55:09,669 [9] ERROR- SetPropertyGridObject (UI.Window.Config) failed
Object reference not set to an instance of an object.
2008-08-10 22:55:10,001 [9] INFO - --- PuTTY Stuff ---
2008-08-10 22:55:10,003 [9] INFO - PuTTY Handle: 263844
2008-08-10 22:55:10,003 [9] INFO - PuTTY Title: 192.168.0.1 - PuTTY
2008-08-10 22:55:10,004 [9] INFO - Panel Handle: 132778
2008-08-10 22:55:10,079 [9] INFO - Protocol Event Connected
2008-08-10 22:55:10,081 [9] INFO - Connection to 192.168.0.1 via SSH2 established by user felix\fx (Description: My Home Router; User Field: test)
2008-08-10 22:55:27,973 [10] INFO - Protocol Event Closed
2008-08-10 22:55:27,974 [10] INFO - Connection to 192.168.0.1 via SSH2 closed by user felix\fx (Description: My Home Router; User Field: test)
[mRemote Exit]
[mRemote Start]
2008-08-10 22:57:33,401 [9] WARN - Couldn't get Putty sessions
Object reference not set to an instance of an object.
2008-08-10 22:57:54,923 [9] ERROR- Couldn't save report to final location. (App.Runtime.SaveReport)
Could not find file 'D:\Visual Studio\Projects\mRemoteV1\mRemoteV1\bin\Debug\Report.log'.
[mRemote Exit]
[mRemote Start]
2008-08-10 22:57:58,946 [9] WARN - Couldn't get Putty sessions
Object reference not set to an instance of an object.
2008-08-10 22:57:59,135 [9] ERROR- SetPropertyGridObject (UI.Window.Config) failed
Object reference not set to an instance of an object.
2008-08-10 22:59:05,196 [9] ERROR- Couldn't save report to final location. (App.Runtime.SaveReport)
Could not find file 'D:\Visual Studio\Projects\mRemoteV1\mRemoteV1\bin\Debug\Report.log'.
[mRemote Exit]
[mRemote Start]
2008-08-10 23:33:10,078 [9] WARN - Couldn't get Putty sessions
Object reference not set to an instance of an object.
2008-08-10 23:33:19,597 [9] INFO - --- PuTTY Stuff ---
2008-08-10 23:33:19,598 [9] INFO - PuTTY Handle: 528482
2008-08-10 23:33:19,599 [9] INFO - PuTTY Title: 192.168.0.1 - PuTTY
2008-08-10 23:33:19,602 [9] INFO - Panel Handle: 394870
2008-08-10 23:33:19,664 [9] INFO - Protocol Event Connected
2008-08-10 23:33:19,666 [9] INFO - Connection to 192.168.0.1 via SSH2 established by user felix\fx (Description: My Home Router; User Field: test)
2008-08-10 23:33:21,874 [13] INFO - Protocol Event Closed
2008-08-10 23:33:21,874 [13] INFO - Connection to 192.168.0.1 via SSH2 closed by user felix\fx
2008-08-10 23:33:26,086 [9] INFO - Setting Console switch for RDC 6.1
2008-08-10 23:33:28,632 [9] INFO - Protocol Event Connected
2008-08-10 23:33:28,633 [9] INFO - Connection to rdp.lostcharacters.net via RDP established by user felix\fx (Description: ; User Field: )
2008-08-10 23:41:57,704 [10] INFO - Protocol Event Closed
2008-08-10 23:41:57,705 [10] INFO - Connection to rdp.lostcharacters.net via RDP closed by user felix\fx
[mRemote Exit]
[mRemote Start]
[mRemote Exit]
[mRemote Start]
[mRemote Exit]
[mRemote Start]
[mRemote Exit]
[mRemote Start]
2008-08-14 15:31:04,114 [9] WARN - Couldn't get Putty sessions
Object reference not set to an instance of an object.
[mRemote Start]
2008-08-14 15:31:23,597 [9] WARN - Couldn't get Putty sessions
Object reference not set to an instance of an object.
[mRemote Exit]
[mRemote Start]
2008-08-14 15:39:25,755 [9] WARN - Couldn't get Putty sessions
Object reference not set to an instance of an object.
[mRemote Start]
2008-08-14 15:39:50,656 [9] WARN - Couldn't get Putty sessions
Object reference not set to an instance of an object.
[mRemote Start]
2008-08-14 15:40:13,288 [9] WARN - Couldn't get Putty sessions
Object reference not set to an instance of an object.
[mRemote Start]
2008-08-14 15:40:25,555 [9] WARN - Couldn't get Putty sessions
Object reference not set to an instance of an object.
[mRemote Start]
2008-08-14 15:42:26,166 [9] WARN - Couldn't get Putty sessions
Object reference not set to an instance of an object.
[mRemote Start]
2008-08-14 15:43:12,795 [9] WARN - Couldn't get Putty sessions
Object reference not set to an instance of an object.
[mRemote Start]
2008-08-14 15:44:33,188 [9] WARN - Couldn't get Putty sessions
Object reference not set to an instance of an object.
[mRemote Start]
2008-08-14 15:47:19,012 [10] WARN - Couldn't get Putty sessions
Object reference not set to an instance of an object.
[mRemote Exit]
[mRemote Start]
2008-08-14 15:50:58,768 [9] WARN - Couldn't get Putty sessions
Object reference not set to an instance of an object.
[mRemote Start]
2008-08-14 15:51:40,984 [9] WARN - Couldn't get Putty sessions
Object reference not set to an instance of an object.
[mRemote Start]
2008-08-14 15:53:03,798 [11] WARN - Couldn't get Putty sessions
Object reference not set to an instance of an object.
[mRemote Start]
2008-08-14 15:54:34,805 [10] WARN - Couldn't get Putty sessions
Object reference not set to an instance of an object.
[mRemote Start]
2008-08-14 15:55:57,042 [10] WARN - Couldn't get Putty sessions
Object reference not set to an instance of an object.
[mRemote Start]
2008-08-14 16:04:48,327 [8] WARN - Couldn't get Putty sessions
Object reference not set to an instance of an object.
[mRemote Start]
2008-08-14 16:09:25,008 [9] WARN - Couldn't get Putty sessions
Object reference not set to an instance of an object.
[mRemote Start]
2008-08-14 16:11:25,055 [10] WARN - Couldn't get Putty sessions
Object reference not set to an instance of an object.
[mRemote Start]
2008-08-14 16:12:38,429 [9] WARN - Couldn't get Putty sessions
Object reference not set to an instance of an object.
[mRemote Start]
2008-08-14 16:14:46,049 [9] WARN - Couldn't get Putty sessions
Object reference not set to an instance of an object.
[mRemote Start]
2008-08-14 16:15:37,413 [9] WARN - Couldn't get Putty sessions
Object reference not set to an instance of an object.
[mRemote Start]
2008-08-14 16:18:28,940 [10] WARN - Couldn't get Putty sessions
Object reference not set to an instance of an object.
[mRemote Start]
2008-08-14 16:20:08,703 [10] WARN - Couldn't get Putty sessions
Object reference not set to an instance of an object.
[mRemote Start]
2008-08-14 16:20:28,826 [10] WARN - Couldn't get Putty sessions
Object reference not set to an instance of an object.
[mRemote Start]
2008-08-14 16:21:30,747 [9] WARN - Couldn't get Putty sessions
Object reference not set to an instance of an object.
[mRemote Start]
2008-08-14 16:23:36,980 [10] WARN - Couldn't get Putty sessions
Object reference not set to an instance of an object.
[mRemote Start]
2008-08-14 16:24:02,255 [9] WARN - Couldn't get Putty sessions
Object reference not set to an instance of an object.
[mRemote Exit]
[mRemote Start]
2008-08-14 16:33:37,978 [10] WARN - Couldn't get Putty sessions
Object reference not set to an instance of an object.
[mRemote Start]
2008-08-14 16:35:18,012 [9] WARN - Couldn't get Putty sessions
Object reference not set to an instance of an object.
[mRemote Exit]
[mRemote Start]
2008-08-14 16:35:30,991 [9] WARN - Couldn't get Putty sessions
Object reference not set to an instance of an object.
[mRemote Exit]
[mRemote Start]
[mRemote Exit]
[mRemote Start]
[mRemote Exit]
[mRemote Start]
[mRemote Exit]
[mRemote Start]
[mRemote Exit]
[mRemote Start]
[mRemote Exit]
[mRemote Start]
[mRemote Exit]
[mRemote Start]
[mRemote Exit]
[mRemote Start]
[mRemote Exit]
[mRemote Start]
2008-08-22 23:01:59,596 [9] WARN - Couldn't get Putty sessions
Object reference not set to an instance of an object.
[mRemote Exit]
[mRemote Start]
[mRemote Exit]
[mRemote Start]
[mRemote Exit]
[mRemote Start]
[mRemote Exit]
[mRemote Start]
[mRemote Exit]
[mRemote Start]
[mRemote Exit]
[mRemote Start]
[mRemote Exit]
[mRemote Start]
[mRemote Exit]
[mRemote Start]
[mRemote Exit]
[mRemote Start]
[mRemote Exit]
[mRemote Start]
[mRemote Exit]
[mRemote Start]
[mRemote Exit]
[mRemote Start]
[mRemote Exit]
[mRemote Start]
[mRemote Exit]
[mRemote Start]
[mRemote Exit]
[mRemote Start]
[mRemote Exit]
[mRemote Start]
2008-09-12 19:06:59,093 [9] WARN - Couldn't get Putty sessions
Object reference not set to an instance of an object.
[mRemote Exit]
[mRemote Start]
2008-09-12 19:08:08,646 [9] WARN - Couldn't get Putty sessions
Object reference not set to an instance of an object.
2008-09-12 19:08:11,006 [9] ERROR- SetPropertyGridObject (UI.Window.Config) failed
Object reference not set to an instance of an object.
2008-09-12 19:09:05,231 [9] INFO - Setting Console switch for RDC 6.1
2008-09-12 19:09:17,473 [9] INFO - Protocol Event Connected
2008-09-12 19:09:17,475 [9] INFO - Connection to rdp.lostcharacters.net via RDP established by user felix\fx (Description: ; User Field: )
2008-09-12 19:09:41,986 [10] INFO - Protocol Event Closed
2008-09-12 19:09:41,987 [10] INFO - Connection to rdp.lostcharacters.net via RDP closed by user felix\fx (Description: ; User Field: )
[mRemote Exit]
[mRemote Start]
2008-09-17 12:52:25,349 [1] ERROR- SetPropertyGridObject (UI.Window.Config) failed
Object reference not set to an instance of an object.
2008-09-17 12:52:25,543 [3] WARN - Starting Impersonation failed (Sessions feature will not work)
LogonUser failed with error code: 1326(Logon failure: unknown user name or bad password.)
2008-09-17 12:52:26,134 [1] INFO - Setting Console switch for RDC 6.1
2008-09-17 12:52:28,933 [1] INFO - Protocol Event Connected
2008-09-17 12:52:28,954 [1] INFO - Connection to rdp.lostcharacters.net via RDP established by user felix\fx (Description: ; User Field: )
2008-09-17 12:52:47,262 [3] ERROR- GetSessions failed (TerminalSessions)
Error HRESULT E_FAIL has been returned from a call to a COM component.
2008-09-17 12:54:11,996 [4] INFO - Protocol Event Closed
2008-09-17 12:54:11,997 [4] INFO - Connection to rdp.lostcharacters.net via RDP closed by user felix\fx (Description: ; User Field: )
[mRemote Exit]
[mRemote Start]
2008-09-18 16:11:08,038 [1] WARN - Couldn't get Putty sessions
Object reference not set to an instance of an object.
2008-09-18 16:11:11,857 [1] ERROR- Couldn't save report to final location. (App.Runtime.SaveReport)
Could not find file 'D:\Visual Studio\Projects\mRemoteV1\mRemoteV1\bin\Debug\Report.log'.
[mRemote Exit]
[mRemote Start]
2008-09-25 14:37:52,097 [1] WARN - Couldn't get Putty sessions
Object reference not set to an instance of an object.
2008-09-25 14:37:52,352 [1] ERROR- SetPropertyGridObject (UI.Window.Config) failed
Object reference not set to an instance of an object.
2008-09-25 14:37:53,348 [4] WARN - Starting Impersonation failed (Sessions feature will not work)
LogonUser failed with error code: 1326(Logon failure: unknown user name or bad password.)
2008-09-25 14:37:53,738 [1] INFO - Setting Console switch for RDC 6.1
2008-09-25 14:37:56,312 [1] INFO - Protocol Event Connected
2008-09-25 14:37:56,314 [1] INFO - Connection to rdp.lostcharacters.net via RDP established by user felix\fx (Description: ; User Field: )
2008-09-25 14:38:10,692 [5] INFO - Protocol Event Closed
2008-09-25 14:38:10,692 [5] INFO - Connection to rdp.lostcharacters.net via RDP closed by user felix\fx (Description: ; User Field: )
2008-09-25 14:38:14,926 [4] ERROR- GetSessions failed (TerminalSessions)
Error HRESULT E_FAIL has been returned from a call to a COM component.
[mRemote Exit]
[mRemote Start]
2008-09-29 19:55:55,841 [1] WARN - Couldn't get Putty sessions
Object reference not set to an instance of an object.
2008-09-29 19:55:56,166 [1] ERROR- SetPropertyGridObject (UI.Window.Config) failed
Object reference not set to an instance of an object.
2008-09-29 19:55:59,894 [4] WARN - Starting Impersonation failed (Sessions feature will not work)
LogonUser failed with error code: 1326(Logon failure: unknown user name or bad password.)
2008-09-29 19:56:00,407 [1] INFO - Setting Console switch for RDC 6.1
2008-09-29 19:56:04,381 [1] INFO - Protocol Event Connected
2008-09-29 19:56:04,382 [1] INFO - Connection to rdp.lostcharacters.net via RDP established by user felix\fx (Description: ; User Field: )
2008-09-29 19:56:21,863 [4] ERROR- GetSessions failed (TerminalSessions)
Error HRESULT E_FAIL has been returned from a call to a COM component.
[mRemote Exit]
[mRemote Start]
2008-09-30 11:34:20,325 [1] WARN - Couldn't get Putty sessions
Object reference not set to an instance of an object.
2008-09-30 11:34:21,280 [1] ERROR- SetPropertyGridObject (UI.Window.Config) failed
Object reference not set to an instance of an object.
2008-09-30 11:34:21,369 [3] WARN - Starting Impersonation failed (Sessions feature will not work)
LogonUser failed with error code: 1326(Logon failure: unknown user name or bad password.)
2008-09-30 11:34:21,825 [1] INFO - Setting Console switch for RDC 6.1
2008-09-30 11:34:25,118 [1] INFO - Protocol Event Connected
2008-09-30 11:34:25,128 [1] INFO - Connection to rdp.lostcharacters.net via RDP established by user felix\fx (Description: ; User Field: )
2008-09-30 11:34:43,032 [3] ERROR- GetSessions failed (TerminalSessions)
Error HRESULT E_FAIL has been returned from a call to a COM component.
2008-09-30 13:17:18,918 [4] INFO - Protocol Event Closed
2008-09-30 13:17:18,918 [4] INFO - Connection to rdp.lostcharacters.net via RDP closed by user felix\fx (Description: ; User Field: )
[mRemote Exit]
[mRemote Start]
2008-09-30 13:18:10,877 [9] WARN - Couldn't get Putty sessions
Object reference not set to an instance of an object.
[mRemote Exit]
[mRemote Start]
2008-10-02 16:11:45,042 [8] WARN - Couldn't get Putty sessions
Object reference not set to an instance of an object.
[mRemote Exit]
[mRemote Start]
2008-10-02 16:13:25,634 [10] WARN - Couldn't get Putty sessions
Object reference not set to an instance of an object.
[mRemote Exit]
[mRemote Start]
2008-10-02 16:14:16,342 [9] WARN - Couldn't get Putty sessions
Object reference not set to an instance of an object.
[mRemote Exit]
[mRemote Start]
2008-10-02 16:25:03,927 [8] WARN - Couldn't get Putty sessions
Object reference not set to an instance of an object.
[mRemote Exit]
[mRemote Start]
2008-10-02 16:26:31,814 [10] WARN - Couldn't get Putty sessions
Object reference not set to an instance of an object.
[mRemote Exit]
[mRemote Start]
2008-10-03 14:04:10,976 [10] WARN - Couldn't get Putty sessions
Object reference not set to an instance of an object.
[mRemote Exit]
[mRemote Start]
2008-10-03 14:26:56,252 [9] WARN - Couldn't get Putty sessions
Object reference not set to an instance of an object.
[mRemote Exit]
[mRemote Start]
2008-10-03 14:50:31,510 [8] WARN - Couldn't get Putty sessions
Object reference not set to an instance of an object.
[mRemote Start]
2008-10-03 14:55:29,715 [10] WARN - Couldn't get Putty sessions
Object reference not set to an instance of an object.
[mRemote Exit]
[mRemote Start]
2008-10-03 14:56:25,715 [9] WARN - Couldn't get Putty sessions
Object reference not set to an instance of an object.
[mRemote Exit]
[mRemote Start]
2008-10-03 15:02:43,173 [9] WARN - Couldn't get Putty sessions
Object reference not set to an instance of an object.
[mRemote Exit]
[mRemote Start]
2008-10-03 15:03:04,128 [9] WARN - Couldn't get Putty sessions
Object reference not set to an instance of an object.
[mRemote Exit]
[mRemote Start]
2008-10-03 15:04:05,154 [9] WARN - Couldn't get Putty sessions
Object reference not set to an instance of an object.
2008-10-03 15:04:51,836 [15] WARN - Update Image Info could not be read.
startIndex cannot be larger than length of string.
Parameter name: startIndex
2008-10-03 15:04:51,899 [15] WARN - Update Image Info could not be read.
startIndex cannot be larger than length of string.
Parameter name: startIndex
2008-10-03 15:04:53,362 [16] WARN - Update Image Info could not be read.
startIndex cannot be larger than length of string.
Parameter name: startIndex
2008-10-03 15:04:53,425 [16] WARN - Update Image Info could not be read.
startIndex cannot be larger than length of string.
Parameter name: startIndex
2008-10-03 15:04:54,151 [17] WARN - Update Image Info could not be read.
startIndex cannot be larger than length of string.
Parameter name: startIndex
2008-10-03 15:04:54,217 [17] WARN - Update Image Info could not be read.
startIndex cannot be larger than length of string.
Parameter name: startIndex
2008-10-03 15:04:57,708 [16] WARN - Update Image Info could not be read.
startIndex cannot be larger than length of string.
Parameter name: startIndex
2008-10-03 15:04:57,771 [16] WARN - Update Image Info could not be read.
startIndex cannot be larger than length of string.
Parameter name: startIndex
[mRemote Exit]
[mRemote Start]
2008-10-03 15:07:41,666 [9] WARN - Couldn't get Putty sessions
Object reference not set to an instance of an object.
2008-10-03 15:07:41,939 [10] WARN - Update Image Info could not be read.
startIndex cannot be larger than length of string.
Parameter name: startIndex
2008-10-03 15:07:42,001 [10] WARN - Update Image Info could not be read.
startIndex cannot be larger than length of string.
Parameter name: startIndex
2008-10-03 15:07:46,113 [12] WARN - Update Image Info could not be read.
startIndex cannot be larger than length of string.
Parameter name: startIndex
2008-10-03 15:07:46,194 [12] WARN - Update Image Info could not be read.
startIndex cannot be larger than length of string.
Parameter name: startIndex
[mRemote Exit]
[mRemote Start]
2008-10-03 15:09:13,500 [9] WARN - Couldn't get Putty sessions
Object reference not set to an instance of an object.
[mRemote Exit]
[mRemote Start]
2008-10-03 15:13:35,173 [10] WARN - Couldn't get Putty sessions
Object reference not set to an instance of an object.
[mRemote Exit]
[mRemote Start]
2008-10-03 16:02:48,856 [9] WARN - Couldn't get Putty sessions
Object reference not set to an instance of an object.
[mRemote Exit]
[mRemote Start]
2008-10-03 16:03:58,098 [9] WARN - Couldn't get Putty sessions
Object reference not set to an instance of an object.
2008-10-03 16:04:27,167 [9] ERROR- Couldn't Connect
The system cannot find the file specified
2008-10-03 16:04:27,176 [9] ERROR- Killing IntApp Process failed (Connection.Protocol.IntApp)
Object reference not set to an instance of an object.
2008-10-03 16:04:27,183 [9] ERROR- Dispose of IntApp process failed (Connection.Protocol.IntApp)
Object reference not set to an instance of an object.
2008-10-03 16:04:27,199 [17] INFO - Protocol Event Closed
2008-10-03 16:04:27,202 [17] INFO - Connection to  via IntApp closed by user felix\fx
2008-10-03 16:04:27,381 [17] ERROR- Protocol Event Closed failed
Object reference not set to an instance of an object.
[mRemote Exit]
[mRemote Start]
2008-10-03 16:08:29,530 [9] WARN - Couldn't get Putty sessions
Object reference not set to an instance of an object.
[mRemote Exit]
[mRemote Start]
2008-10-03 16:14:10,969 [9] WARN - Couldn't get Putty sessions
Object reference not set to an instance of an object.
2008-10-03 16:14:21,211 [11] INFO - SQL Update check finished and there is an update available! Going to refresh connections.
2008-10-03 16:14:21,397 [12] ERROR- Setting main form text failed
An error occurred creating the form. See Exception.InnerException for details.  The error is: Current thread must be set to single thread apartment (STA) mode before OLE calls can be made. Ensure that your Main function has STAThreadAttribute marked on it.
2008-10-03 16:14:21,434 [12] ERROR- Setting main form text failed
An error occurred creating the form. See Exception.InnerException for details.  The error is: Current thread must be set to single thread apartment (STA) mode before OLE calls can be made. Ensure that your Main function has STAThreadAttribute marked on it.
2008-10-03 16:14:31,830 [18] ERROR- Setting main form text failed
An error occurred creating the form. See Exception.InnerException for details.  The error is: Current thread must be set to single thread apartment (STA) mode before OLE calls can be made. Ensure that your Main function has STAThreadAttribute marked on it.
2008-10-03 16:14:33,017 [9] ERROR- tvConnections_DragDrop (UI.Window.Tree) failed
Object reference not set to an instance of an object.
2008-10-03 16:14:34,048 [13] ERROR- Setting main form text failed
An error occurred creating the form. See Exception.InnerException for details.  The error is: Current thread must be set to single thread apartment (STA) mode before OLE calls can be made. Ensure that your Main function has STAThreadAttribute marked on it.
2008-10-03 16:14:34,945 [11] ERROR- Setting main form text failed
An error occurred creating the form. See Exception.InnerException for details.  The error is: Current thread must be set to single thread apartment (STA) mode before OLE calls can be made. Ensure that your Main function has STAThreadAttribute marked on it.
2008-10-03 16:14:35,705 [19] ERROR- Setting main form text failed
An error occurred creating the form. See Exception.InnerException for details.  The error is: Current thread must be set to single thread apartment (STA) mode before OLE calls can be made. Ensure that your Main function has STAThreadAttribute marked on it.
2008-10-03 16:14:36,803 [20] ERROR- Setting main form text failed
An error occurred creating the form. See Exception.InnerException for details.  The error is: Current thread must be set to single thread apartment (STA) mode before OLE calls can be made. Ensure that your Main function has STAThreadAttribute marked on it.
2008-10-03 16:14:51,922 [26] ERROR- Setting main form text failed
An error occurred creating the form. See Exception.InnerException for details.  The error is: Current thread must be set to single thread apartment (STA) mode before OLE calls can be made. Ensure that your Main function has STAThreadAttribute marked on it.
2008-10-03 16:14:52,782 [28] ERROR- Setting main form text failed
An error occurred creating the form. See Exception.InnerException for details.  The error is: Current thread must be set to single thread apartment (STA) mode before OLE calls can be made. Ensure that your Main function has STAThreadAttribute marked on it.
2008-10-03 16:14:56,184 [9] ERROR- Opening connection failed
No Ext. App specified.
[mRemote Exit]
[mRemote Start]
2008-10-03 16:20:48,093 [8] WARN - Couldn't get Putty sessions
Object reference not set to an instance of an object.
2008-10-03 16:20:52,819 [8] INFO - --- PuTTY Stuff ---
2008-10-03 16:20:52,820 [8] INFO - PuTTY Handle: 592064
2008-10-03 16:20:52,820 [8] INFO - PuTTY Title: 192.168.0.1 - PuTTY
2008-10-03 16:20:52,822 [8] INFO - Panel Handle: 788674
2008-10-03 16:20:52,862 [8] INFO - Protocol Event Connected
2008-10-03 16:20:52,864 [8] INFO - Connection to 192.168.0.1 via SSH2 established by user felix\fx (Description: My Home Router; User Field: test)
2008-10-03 16:20:54,620 [11] INFO - Protocol Event Closed
2008-10-03 16:20:54,621 [11] INFO - Connection to 192.168.0.1 via SSH2 closed by user felix\fx
2008-10-03 16:20:56,895 [8] INFO - --- PuTTY Stuff ---
2008-10-03 16:20:56,896 [8] INFO - PuTTY Handle: 723136
2008-10-03 16:20:56,896 [8] INFO - PuTTY Title: 192.168.0.1 - PuTTY
2008-10-03 16:20:56,897 [8] INFO - Panel Handle: 10684802
2008-10-03 16:20:56,944 [8] INFO - Protocol Event Connected
2008-10-03 16:20:56,945 [8] INFO - Connection to 192.168.0.1 via SSH2 established by user felix\fx (Description: My Home Router; User Field: test)
2008-10-03 16:20:58,415 [11] INFO - Protocol Event Closed
2008-10-03 16:20:58,415 [11] INFO - Connection to 192.168.0.1 via SSH2 closed by user felix\fx
2008-10-03 16:21:05,706 [8] INFO - --- PuTTY Stuff ---
2008-10-03 16:21:05,707 [8] INFO - PuTTY Handle: 2231438
2008-10-03 16:21:05,708 [8] INFO - PuTTY Title: 192.168.0.1 - PuTTY
2008-10-03 16:21:05,709 [8] INFO - Panel Handle: 4852022
2008-10-03 16:21:05,743 [8] INFO - Protocol Event Connected
2008-10-03 16:21:05,744 [8] INFO - Connection to 192.168.0.1 via SSH2 established by user felix\fx (Description: My Home Router; User Field: test)
2008-10-03 16:21:07,459 [11] INFO - Protocol Event Closed
2008-10-03 16:21:07,459 [11] INFO - Connection to 192.168.0.1 via SSH2 closed by user felix\fx
2008-10-03 16:21:11,168 [8] INFO - --- PuTTY Stuff ---
2008-10-03 16:21:11,169 [8] INFO - PuTTY Handle: 2362510
2008-10-03 16:21:11,170 [8] INFO - PuTTY Title: 192.168.0.1 - PuTTY
2008-10-03 16:21:11,171 [8] INFO - Panel Handle: 1576000
2008-10-03 16:21:11,210 [8] INFO - Protocol Event Connected
2008-10-03 16:21:11,210 [8] INFO - Connection to 192.168.0.1 via SSH2 established by user felix\fx (Description: My Home Router; User Field: test)
2008-10-03 16:21:12,243 [12] INFO - Protocol Event Closed
2008-10-03 16:21:12,243 [12] INFO - Connection to 192.168.0.1 via SSH2 closed by user felix\fx
[mRemote Exit]
[mRemote Start]
2008-10-03 16:21:34,576 [9] WARN - Couldn't get Putty sessions
Object reference not set to an instance of an object.
2008-10-03 16:21:36,478 [9] INFO - --- PuTTY Stuff ---
2008-10-03 16:21:36,480 [9] INFO - PuTTY Handle: 3672938
2008-10-03 16:21:36,482 [9] INFO - PuTTY Title: 192.168.0.1 - PuTTY
2008-10-03 16:21:36,483 [9] INFO - Panel Handle: 788692
2008-10-03 16:21:36,521 [9] INFO - Protocol Event Connected
2008-10-03 16:21:36,523 [9] INFO - Connection to 192.168.0.1 via SSH2 established by user felix\fx (Description: My Home Router; User Field: test)
[mRemote Exit]
[mRemote Start]
2008-10-05 14:57:56,153 [9] WARN - Couldn't get Putty sessions
Object reference not set to an instance of an object.
[mRemote Exit]
[mRemote Start]
2008-10-05 21:06:47,558 [1] WARN - Couldn't get Putty sessions
Object reference not set to an instance of an object.
[mRemote Exit]
[mRemote Start]
2008-10-06 10:16:56,879 [9] WARN - Couldn't get Putty sessions
Object reference not set to an instance of an object.
[mRemote Start]
2008-10-06 10:17:44,580 [9] WARN - Couldn't get Putty sessions
Object reference not set to an instance of an object.
[mRemote Exit]
[mRemote Start]
2008-10-06 10:18:05,497 [9] WARN - Couldn't get Putty sessions
Object reference not set to an instance of an object.
[mRemote Start]
2008-10-06 10:19:27,500 [9] WARN - Couldn't get Putty sessions
Object reference not set to an instance of an object.
[mRemote Start]
2008-10-06 10:20:46,865 [9] WARN - Couldn't get Putty sessions
Object reference not set to an instance of an object.
[mRemote Exit]
[mRemote Start]
2008-10-06 10:25:12,976 [9] WARN - Couldn't get Putty sessions
Object reference not set to an instance of an object.
[mRemote Exit]
[mRemote Start]
2008-10-06 10:26:11,345 [9] WARN - Couldn't get Putty sessions
Object reference not set to an instance of an object.
[mRemote Exit]
[mRemote Start]
2008-10-06 10:27:47,398 [9] WARN - Couldn't get Putty sessions
Object reference not set to an instance of an object.
[mRemote Start]
2008-10-06 10:28:47,972 [9] WARN - Couldn't get Putty sessions
Object reference not set to an instance of an object.
[mRemote Start]
2008-10-06 10:30:25,899 [10] WARN - Couldn't get Putty sessions
Object reference not set to an instance of an object.
[mRemote Start]
2008-10-06 10:34:11,385 [9] WARN - Couldn't get Putty sessions
Object reference not set to an instance of an object.
[mRemote Exit]
[mRemote Start]
2008-10-06 10:36:06,491 [10] WARN - Couldn't get Putty sessions
Object reference not set to an instance of an object.
[mRemote Exit]
[mRemote Start]
2008-10-06 10:36:17,147 [9] WARN - Couldn't get Putty sessions
Object reference not set to an instance of an object.
[mRemote Exit]
[mRemote Start]
2008-10-06 10:36:57,849 [9] WARN - Couldn't get Putty sessions
Object reference not set to an instance of an object.
[mRemote Exit]
[mRemote Start]
2008-10-06 10:39:17,255 [9] WARN - Couldn't get Putty sessions
Object reference not set to an instance of an object.
[mRemote Exit]
[mRemote Start]
2008-10-06 10:39:40,112 [9] WARN - Couldn't get Putty sessions
Object reference not set to an instance of an object.
[mRemote Exit]
[mRemote Start]
2008-10-06 10:53:39,397 [8] WARN - Couldn't get Putty sessions
Object reference not set to an instance of an object.
2008-10-06 11:00:06,171 [8] INFO - Setting Console switch for RDC 6.1
2008-10-06 11:00:09,293 [8] INFO - Protocol Event Connected
2008-10-06 11:00:09,295 [8] INFO - Connection to rdp.lostcharacters.net via RDP established by user felix\fx (Description: ; User Field: )
2008-10-06 11:09:20,209 [16] INFO - Protocol Event Closed
2008-10-06 11:09:20,210 [16] INFO - Connection to rdp.lostcharacters.net via RDP closed by user felix\fx
[mRemote Exit]
[mRemote Start]
2008-10-06 13:50:52,432 [1] WARN - Couldn't get Putty sessions
Object reference not set to an instance of an object.
2008-10-06 13:51:21,842 [7] WARN - Starting Impersonation failed (Sessions feature will not work)
LogonUser failed with error code: 1326(Logon failure: unknown user name or bad password.)
2008-10-06 13:51:43,533 [7] ERROR- GetSessions failed (TerminalSessions)
Error HRESULT E_FAIL has been returned from a call to a COM component.
2008-10-06 13:52:02,610 [1] INFO - Setting Console switch for RDC 6.1
2008-10-06 13:52:04,259 [8] INFO - Protocol Event Closed
2008-10-06 13:52:04,274 [8] INFO - Connection to rdp.lostcharacters.net via RDP closed by user felix\fx
2008-10-06 13:59:47,534 [9] WARN - Starting Impersonation failed (Sessions feature will not work)
LogonUser failed with error code: 1326(Logon failure: unknown user name or bad password.)
2008-10-06 14:00:13,531 [9] ERROR- GetSessions failed (TerminalSessions)
Error HRESULT E_FAIL has been returned from a call to a COM component.
[mRemote Exit]
[mRemote Start]
2008-10-06 14:55:51,014 [9] WARN - Couldn't get Putty sessions
Object reference not set to an instance of an object.
2008-10-06 15:00:58,447 [9] ERROR- SetHostStatus (UI.Window.Config) failed
Object reference not set to an instance of an object.
[mRemote Exit]
[mRemote Start]
2008-10-09 16:04:35,813 [9] WARN - Couldn't get Putty sessions
Object reference not set to an instance of an object.
[mRemote Exit]
[mRemote Start]
2008-10-09 16:13:07,058 [9] WARN - Couldn't get Putty sessions
Object reference not set to an instance of an object.
[mRemote Exit]
[mRemote Start]
2008-10-09 16:17:24,748 [9] WARN - Couldn't get Putty sessions
Object reference not set to an instance of an object.
[mRemote Exit]
[mRemote Start]
2008-10-09 16:21:53,054 [9] WARN - Couldn't get Putty sessions
Object reference not set to an instance of an object.
[mRemote Exit]
[mRemote Start]
2008-10-09 16:22:02,827 [9] WARN - Couldn't get Putty sessions
Object reference not set to an instance of an object.
2008-10-09 16:22:02,919 [9] ERROR- Decryption failed
Padding is invalid and cannot be removed.
2008-10-09 16:22:02,934 [9] ERROR- Decryption failed
Padding is invalid and cannot be removed.
[mRemote Exit]
[mRemote Start]
2008-10-10 15:34:09,692 [9] WARN - Couldn't get Putty sessions
Object reference not set to an instance of an object.
[mRemote Exit]
[mRemote Start]
2008-10-10 15:37:03,191 [9] WARN - Couldn't get Putty sessions
Object reference not set to an instance of an object.
[mRemote Exit]
[mRemote Start]
2008-10-10 15:42:16,777 [9] WARN - Couldn't get Putty sessions
Object reference not set to an instance of an object.
[mRemote Exit]
[mRemote Start]
2008-10-10 15:43:01,767 [9] WARN - Couldn't get Putty sessions
Object reference not set to an instance of an object.
[mRemote Exit]
[mRemote Start]
2008-10-10 15:43:23,693 [9] WARN - Couldn't get Putty sessions
Object reference not set to an instance of an object.
[mRemote Exit]
[mRemote Start]
2008-10-10 15:45:25,341 [10] WARN - Couldn't get Putty sessions
Object reference not set to an instance of an object.
[mRemote Exit]
[mRemote Start]
2008-10-10 15:47:32,986 [9] WARN - Couldn't get Putty sessions
Object reference not set to an instance of an object.
[mRemote Exit]
[mRemote Start]
2008-10-10 15:50:43,739 [10] WARN - Couldn't get Putty sessions
Object reference not set to an instance of an object.
2008-10-10 15:50:50,072 [10] ERROR- VNC SetProps failed
The method or operation is not implemented.
2008-10-10 15:50:50,091 [15] INFO - Protocol Event Closed
2008-10-10 15:50:50,093 [15] INFO - Connection to 192.168.0.55 via VNC closed by user felix\fx
2008-10-10 15:50:52,696 [10] ERROR- VNC SetProps failed
The method or operation is not implemented.
2008-10-10 15:50:52,709 [16] INFO - Protocol Event Closed
2008-10-10 15:50:52,710 [16] INFO - Connection to 192.168.0.55 via VNC closed by user felix\fx
2008-10-10 15:50:53,641 [10] ERROR- VNC SetProps failed
The method or operation is not implemented.
2008-10-10 15:50:53,654 [17] INFO - Protocol Event Closed
2008-10-10 15:50:53,655 [17] INFO - Connection to 192.168.0.55 via VNC closed by user felix\fx
2008-10-10 15:51:12,780 [10] ERROR- VNC SetProps failed
The method or operation is not implemented.
2008-10-10 15:51:12,798 [18] INFO - Protocol Event Closed
2008-10-10 15:51:12,799 [18] INFO - Connection to 192.168.0.55 via VNC closed by user felix\fx
2008-10-10 15:52:21,429 [10] ERROR- VNC SetProps failed
The method or operation is not implemented.
2008-10-10 15:52:21,458 [19] INFO - Protocol Event Closed
2008-10-10 15:52:21,459 [19] INFO - Connection to 192.168.0.55 via VNC closed by user felix\fx
2008-10-10 15:52:39,702 [10] INFO - Protocol Event Connected
2008-10-10 15:52:39,703 [10] INFO - Connection to 192.168.0.55 via VNC established by user felix\fx (Description: ; User Field: )
2008-10-10 15:52:40,664 [10] INFO - Protocol Event Disconnected
Message: System.EventArgs
2008-10-10 15:52:40,754 [10] ERROR- Protocol Event Disconnected failed
Unable to cast object of type 'AxViewerX.AxCSC_ViewerXControl' to type 'mRemote.Connection.Protocol.Base'.
2008-10-10 15:52:40,781 [18] INFO - Protocol Event Closed
2008-10-10 15:52:40,782 [18] INFO - Connection to 192.168.0.55 via VNC closed by user felix\fx
[mRemote Exit]
[mRemote Start]
2008-10-10 15:53:49,464 [9] WARN - Couldn't get Putty sessions
Object reference not set to an instance of an object.
2008-10-10 15:53:51,336 [9] INFO - --- PuTTY Stuff ---
2008-10-10 15:53:51,337 [9] INFO - PuTTY Handle: 5835632
2008-10-10 15:53:51,338 [9] INFO - PuTTY Title: 192.168.0.1 - PuTTY
2008-10-10 15:53:51,339 [9] INFO - Panel Handle: 2294170
2008-10-10 15:53:51,379 [9] INFO - Protocol Event Connected
2008-10-10 15:53:51,381 [9] INFO - Connection to 192.168.0.1 via SSH2 established by user felix\fx (Description: My Home Router; User Field: test)
2008-10-10 15:53:52,995 [14] INFO - Protocol Event Closed
2008-10-10 15:53:52,995 [14] INFO - Connection to 192.168.0.1 via SSH2 closed by user felix\fx
2008-10-10 15:53:53,913 [9] ERROR- VNC SetProps failed
The method or operation is not implemented.
2008-10-10 15:53:53,928 [16] INFO - Protocol Event Closed
2008-10-10 15:53:53,928 [16] INFO - Connection to 192.168.0.55 via VNC closed by user felix\fx
2008-10-10 15:54:16,307 [9] ERROR- VNC SetProps failed
The method or operation is not implemented.
2008-10-10 15:54:16,320 [17] INFO - Protocol Event Closed
2008-10-10 15:54:16,321 [17] INFO - Connection to 192.168.0.55 via VNC closed by user felix\fx
[mRemote Exit]
[mRemote Start]
2008-10-10 15:54:20,410 [9] WARN - Couldn't get Putty sessions
Object reference not set to an instance of an object.
2008-10-10 15:54:24,636 [9] INFO - Protocol Event Connected
2008-10-10 15:54:24,638 [9] INFO - Connection to 192.168.0.55 via VNC established by user felix\fx (Description: ; User Field: )
2008-10-10 15:54:29,906 [12] INFO - Protocol Event Closed
2008-10-10 15:54:29,907 [12] INFO - Connection to 192.168.0.55 via VNC closed by user felix\fx
2008-10-10 15:54:29,912 [9] INFO - Protocol Event Disconnected
Message: System.EventArgs
2008-10-10 15:54:29,945 [9] ERROR- Protocol Event Disconnected failed
Unable to cast object of type 'AxViewerX.AxCSC_ViewerXControl' to type 'mRemote.Connection.Protocol.Base'.
2008-10-10 15:54:29,951 [14] ERROR- Couldn't close tab
Cannot remove the specified item because it was not found in the specified Collection.
2008-10-10 15:54:29,952 [14] INFO - Protocol Event Closed
2008-10-10 15:54:29,953 [14] INFO - Connection to 192.168.0.55 via VNC closed by user felix\fx
2008-10-10 15:54:33,423 [9] INFO - Protocol Event Connected
2008-10-10 15:54:33,423 [9] INFO - Connection to 192.168.0.55 via VNC established by user felix\fx (Description: ; User Field: )
2008-10-10 15:54:40,584 [15] INFO - Protocol Event Closed
2008-10-10 15:54:40,585 [15] INFO - Connection to 192.168.0.55 via VNC closed by user felix\fx
2008-10-10 15:54:40,589 [9] INFO - Protocol Event Disconnected
Message: System.EventArgs
2008-10-10 15:54:40,598 [9] ERROR- Protocol Event Disconnected failed
Unable to cast object of type 'AxViewerX.AxCSC_ViewerXControl' to type 'mRemote.Connection.Protocol.Base'.
2008-10-10 15:54:40,604 [16] ERROR- Couldn't close tab
Cannot remove the specified item because it was not found in the specified Collection.
2008-10-10 15:54:40,604 [16] INFO - Protocol Event Closed
2008-10-10 15:54:40,605 [16] INFO - Connection to 192.168.0.55 via VNC closed by user felix\fx
2008-10-10 15:54:44,381 [9] INFO - Protocol Event Connected
2008-10-10 15:54:44,381 [9] INFO - Connection to 192.168.0.55 via VNC established by user felix\fx (Description: ; User Field: )
2008-10-10 15:54:53,261 [17] INFO - Protocol Event Closed
2008-10-10 15:54:53,262 [17] INFO - Connection to 192.168.0.55 via VNC closed by user felix\fx
2008-10-10 15:54:53,268 [9] INFO - Protocol Event Disconnected
Message: System.EventArgs
2008-10-10 15:54:53,276 [9] ERROR- Protocol Event Disconnected failed
Unable to cast object of type 'AxViewerX.AxCSC_ViewerXControl' to type 'mRemote.Connection.Protocol.Base'.
2008-10-10 15:54:53,286 [18] ERROR- Couldn't close tab
Cannot remove the specified item because it was not found in the specified Collection.
2008-10-10 15:54:53,290 [18] INFO - Protocol Event Closed
2008-10-10 15:54:53,291 [18] INFO - Connection to 192.168.0.55 via VNC closed by user felix\fx
2008-10-10 15:55:07,783 [9] INFO - Protocol Event Disconnected
Message: System.EventArgs
2008-10-10 15:55:07,790 [9] ERROR- Protocol Event Disconnected failed
Unable to cast object of type 'AxViewerX.AxCSC_ViewerXControl' to type 'mRemote.Connection.Protocol.Base'.
2008-10-10 15:55:07,821 [18] INFO - Protocol Event Closed
2008-10-10 15:55:07,823 [18] INFO - Connection to abnc via VNC closed by user felix\fx
2008-10-10 15:55:28,447 [9] INFO - Protocol Event Connected
2008-10-10 15:55:28,448 [9] INFO - Connection to 192.168.0.55 via VNC established by user felix\fx (Description: ; User Field: )
2008-10-10 15:55:38,862 [15] INFO - Protocol Event Closed
2008-10-10 15:55:38,863 [15] INFO - Connection to 192.168.0.55 via VNC closed by user felix\fx
2008-10-10 15:55:38,867 [9] INFO - Protocol Event Disconnected
Message: System.EventArgs
2008-10-10 15:55:38,876 [9] ERROR- Protocol Event Disconnected failed
Unable to cast object of type 'AxViewerX.AxCSC_ViewerXControl' to type 'mRemote.Connection.Protocol.Base'.
2008-10-10 15:55:38,882 [14] ERROR- Couldn't close tab
Cannot remove the specified item because it was not found in the specified Collection.
2008-10-10 15:55:38,882 [14] INFO - Protocol Event Closed
2008-10-10 15:55:38,883 [14] INFO - Connection to 192.168.0.55 via VNC closed by user felix\fx
2008-10-10 15:55:41,321 [9] WARN - ICA not installed properly
2008-10-10 15:55:41,321 [9] ERROR- Object reference not set to an instance of an object.
[mRemote Exit]
[mRemote Start]
2008-10-10 15:59:03,561 [9] WARN - Couldn't get Putty sessions
Object reference not set to an instance of an object.
2008-10-10 15:59:05,191 [9] ERROR- Loading About failed
Overlapping link regions.
[mRemote Exit]
[mRemote Start]
2008-10-10 15:59:24,243 [9] WARN - Couldn't get Putty sessions
Object reference not set to an instance of an object.
2008-10-10 15:59:25,358 [9] ERROR- Loading About failed
Overlapping link regions.
[mRemote Exit]
[mRemote Start]
2008-10-10 15:59:32,885 [9] WARN - Couldn't get Putty sessions
Object reference not set to an instance of an object.
2008-10-10 15:59:35,479 [9] ERROR- Loading About failed
Overlapping link regions.
[mRemote Exit]
[mRemote Start]
2008-10-10 15:59:44,518 [9] WARN - Couldn't get Putty sessions
Object reference not set to an instance of an object.
[mRemote Exit]
[mRemote Start]
2008-10-10 15:59:57,619 [9] WARN - Couldn't get Putty sessions
Object reference not set to an instance of an object.
[mRemote Exit]
[mRemote Start]
2008-10-10 16:01:18,466 [9] WARN - Couldn't get Putty sessions
Object reference not set to an instance of an object.
[mRemote Exit]
[mRemote Start]
2008-10-10 16:01:34,365 [9] WARN - Couldn't get Putty sessions
Object reference not set to an instance of an object.
[mRemote Exit]
[mRemote Start]
2008-10-10 16:02:01,592 [9] WARN - Couldn't get Putty sessions
Object reference not set to an instance of an object.
[mRemote Exit]
[mRemote Start]
2008-10-10 16:02:11,808 [9] WARN - Couldn't get Putty sessions
Object reference not set to an instance of an object.
[mRemote Exit]
[mRemote Start]
2008-10-10 16:47:36,349 [1] WARN - Couldn't get Putty sessions
Object reference not set to an instance of an object.
2008-10-10 16:47:38,038 [6] WARN - Starting Impersonation failed (Sessions feature will not work)
LogonUser failed with error code: 1326(Logon failure: unknown user name or bad password.)
2008-10-10 16:47:45,904 [11] WARN - Starting Impersonation failed (Sessions feature will not work)
LogonUser failed with error code: 1326(Logon failure: unknown user name or bad password.)
2008-10-10 16:47:59,693 [6] ERROR- GetSessions failed (TerminalSessions)
Error HRESULT E_FAIL has been returned from a call to a COM component.
2008-10-10 16:47:59,693 [11] ERROR- GetSessions failed (TerminalSessions)
Error HRESULT E_FAIL has been returned from a call to a COM component.
2008-10-10 16:48:03,053 [14] ERROR- GetSessions failed (TerminalSessions)
Error HRESULT E_FAIL has been returned from a call to a COM component.
2008-10-10 16:48:19,903 [16] WARN - Starting Impersonation failed (Sessions feature will not work)
LogonUser failed with error code: 1326(Logon failure: unknown user name or bad password.)
2008-10-10 16:48:19,905 [16] ERROR- GetSessions failed (TerminalSessions)
Error HRESULT E_FAIL has been returned from a call to a COM component.
[mRemote Exit]
[mRemote Start]
2008-10-17 13:13:11,877 [8] WARN - Couldn't get Putty sessions
Object reference not set to an instance of an object.
[mRemote Exit]
[mRemote Start]
2008-10-17 13:20:56,881 [8] WARN - Couldn't get Putty sessions
Object reference not set to an instance of an object.
[mRemote Exit]
[mRemote Start]
2008-10-17 13:26:20,222 [9] WARN - Couldn't get Putty sessions
Object reference not set to an instance of an object.
[mRemote Exit]
[mRemote Start]
2008-10-17 13:27:01,230 [9] WARN - Couldn't get Putty sessions
Object reference not set to an instance of an object.
[mRemote Exit]
[mRemote Start]
[mRemote Exit]
[mRemote Start]
[mRemote Exit]
[mRemote Start]
[mRemote Exit]
[mRemote Start]
[mRemote Exit]
[mRemote Start]
[mRemote Exit]
[mRemote Start]
[mRemote Exit]
[mRemote Start]
[mRemote Exit]
[mRemote Start]
[mRemote Exit]
[mRemote Start]
[mRemote Exit]
[mRemote Start]
[mRemote Exit]
[mRemote Start]
[mRemote Exit]
[mRemote Start]
[mRemote Exit]
[mRemote Start]
[mRemote Exit]
[mRemote Start]
[mRemote Exit]
[mRemote Start]
[mRemote Exit]
[mRemote Start]
[mRemote Exit]
[mRemote Start]
[mRemote Exit]
[mRemote Start]
[mRemote Exit]
[mRemote Start]
[mRemote Exit]
[mRemote Start]
[mRemote Exit]
[mRemote Start]
[mRemote Exit]
[mRemote Start]
[mRemote Exit]
[mRemote Start]
[mRemote Exit]
[mRemote Start]
[mRemote Exit]
[mRemote Start]
[mRemote Exit]
[mRemote Start]
[mRemote Exit]
[mRemote Start]
[mRemote Exit]
[mRemote Start]
[mRemote Exit]
[mRemote Start]
[mRemote Exit]
[mRemote Start]
[mRemote Exit]
[mRemote Start]
[mRemote Exit]
[mRemote Start]
[mRemote Exit]
[mRemote Start]
[mRemote Exit]
[mRemote Start]
[mRemote Exit]
[mRemote Start]
[mRemote Exit]
[mRemote Start]
[mRemote Exit]
[mRemote Start]
[mRemote Exit]
[mRemote Start]
[mRemote Exit]
[mRemote Start]
2008-11-12 13:54:11,791 [9] INFO - Connections file could not be loaded!
Location was: C:\Users\fx\AppData\Local\Felix_Deimel\mRemote\confCons_Spanlink.xml
Starting with new connections file.
[mRemote Start]
[mRemote Exit]
[mRemote Start]
[mRemote Exit]
[mRemote Start]
[mRemote Exit]
[mRemote Start]
[mRemote Exit]
[mRemote Start]
[mRemote Exit]
[mRemote Start]
[mRemote Exit]
[mRemote Start]
[mRemote Exit]
[mRemote Start]
[mRemote Exit]
[mRemote Start]
[mRemote Exit]
[mRemote Start]
[mRemote Exit]
[mRemote Start]
[mRemote Exit]
[mRemote Start]
[mRemote Exit]
[mRemote Start]
[mRemote Exit]
[mRemote Start]
[mRemote Exit]
[mRemote Start]
[mRemote Exit]
[mRemote Start]
[mRemote Exit]
[mRemote Start]
[mRemote Exit]
[mRemote Start]
[mRemote Exit]
[mRemote Start]
[mRemote Exit]
[mRemote Start]
[mRemote Exit]
[mRemote Start]
[mRemote Exit]
[mRemote Start]
[mRemote Exit]
[mRemote Start]
[mRemote Exit]
[mRemote Start]
[mRemote Exit]
[mRemote Start]
[mRemote Exit]
[mRemote Start]
[mRemote Exit]
[mRemote Start]
[mRemote Exit]
[mRemote Start]
[mRemote Exit]
[mRemote Start]
[mRemote Exit]
[mRemote Start]
[mRemote Exit]
[mRemote Start]
[mRemote Exit]
[mRemote Start]
[mRemote Exit]
[mRemote Start]
2008-12-05 15:37:27,857 [7] WARN - Couldn't get Putty sessions
Object reference not set to an instance of an object.
2008-12-05 15:37:42,505 [7] ERROR- Couldn't save report to final location. (App.Runtime.SaveReport)
Could not find file 'D:\Visual Studio\Projects\mRemoteV1\mRemoteV1\bin\Debug\Report.log'.
[mRemote Exit]
[mRemote Start]
2008-12-05 15:38:03,788 [9] WARN - Couldn't get Putty sessions
Object reference not set to an instance of an object.
[mRemote Exit]
[mRemote Start]
2008-12-05 15:40:04,407 [9] WARN - Couldn't get Putty sessions
Object reference not set to an instance of an object.
2008-12-05 15:40:08,140 [9] ERROR- Update download failed!
2008-12-05 15:40:39,755 [9] ERROR- Update download failed!
2008-12-05 15:41:27,462 [9] ERROR- Update download failed!
[mRemote Start]
2008-12-05 15:43:07,450 [10] WARN - Couldn't get Putty sessions
Object reference not set to an instance of an object.
[mRemote Exit]
[mRemote Start]
2008-12-05 15:44:27,188 [9] WARN - Couldn't get Putty sessions
Object reference not set to an instance of an object.
[mRemote Exit]
[mRemote Start]
2008-12-05 15:50:12,668 [8] WARN - Couldn't get Putty sessions
Object reference not set to an instance of an object.
[mRemote Exit]
